info: Sep-24-2022 05:12:17: 200: Success creating new warehouse
info: Sep-24-2022 05:12:50: 200: Success creating new warehouse
info: Sep-24-2022 05:12:55: 200: Success getting warehouse's data
info: Sep-24-2022 05:12:58: 200: Success updating warehouses's data
info: Sep-24-2022 05:13:01: 200: Success deleting the warehouses
info: Sep-24-2022 05:17:43: 200: Success creating new warehouse
info: Sep-24-2022 05:17:45: 200: Success getting warehouse's data
info: Sep-24-2022 05:17:47: 200: Success updating warehouse's data
info: Sep-24-2022 05:17:50: 200: Success deleting the warehouse
info: Sep-24-2022 05:21:09: 200: Success creating new warehouse
info: Sep-24-2022 05:21:21: 200: Success getting warehouse's data
info: Sep-24-2022 05:21:26: 200: Success updating warehouse's data
info: Sep-24-2022 05:21:35: 200: Success deleting the warehouse
info: Sep-24-2022 06:22:40: 200: Success creating new warehouse
info: Sep-24-2022 06:23:08: 200: Success deleting the warehouse
info: Sep-24-2022 06:29:00: 200: Success creating new warehouse
info: Sep-24-2022 06:31:07: 200: Success creating new warehouse
info: Sep-24-2022 07:29:59: 200: Success deleting the warehouse
info: Sep-24-2022 11:07:28: 200: Success creating new warehouse
info: Sep-24-2022 11:32:08: 200: Success creating new warehouse
info: Sep-24-2022 11:34:00: 200: Success getting warehouse's data
info: Sep-24-2022 11:34:39: 200: Success getting warehouse's data
info: Sep-24-2022 11:40:12: 200: Success creating new warehouse
info: Sep-24-2022 11:42:39: 200: Success creating new warehouse
info: Sep-24-2022 11:43:04: 200: Success getting warehouse's data
info: Sep-24-2022 11:44:08: 200: Success getting warehouse's data
info: Sep-24-2022 11:44:30: 200: Success updating warehouse's data
info: Sep-24-2022 11:44:45: 200: Success deleting the warehouse
info: Sep-24-2022 13:31:25: 200: Success creating new warehouse
info: Sep-24-2022 13:31:54: 200: Success getting warehouse's data
info: Sep-30-2022 08:36:30: 200: Success creating new warehouse
info: Sep-30-2022 13:27:07: 200: Success creating new warehouse
info: Sep-30-2022 14:09:17: 200: Success creating new warehouse
info: Sep-30-2022 14:27:39: 200: Success creating new warehouse
info: Sep-30-2022 14:27:46: 200: Success creating new warehouse
info: Sep-30-2022 14:45:05: 200: Success creating new warehouse
info: Sep-30-2022 14:45:12: 200: Success creating new warehouse
info: Oct-01-2022 04:38:28: 200: Success creating new warehouse
info: Oct-01-2022 04:38:48: 200: Success creating new warehouse
info: Oct-01-2022 06:40:40: 200: Success creating new warehouse
info: Oct-01-2022 06:44:29: 200: Success creating new warehouse
info: Oct-01-2022 06:46:02: 200: Success creating new warehouse
